[    0.000000] Linux version 4.15.0-212-generic (buildd@lcy02-amd64-083) (gcc version 7.5.0 (Ubuntu 7.5.0-3ubuntu1~18.04)) #223-Ubuntu SMP Tue May 23 13:09:22 UTC 2023 (Ubuntu 4.15.0-212.223-generic 4.15.18)
[    0.000000] Command line: BOOT_IMAGE=/boot/vmlinuz-4.15.0-212-generic root=LABEL=cloudimg-rootfs ro console=tty1 console=ttyS0
[    0.000000] KERNEL supported cpus:
[    0.000000]   Intel GenuineIntel
[    0.000000]   AMD AuthenticAMD
[    0.000000]   Centaur CentaurHauls
[    0.000000] [Firmware Bug]: TSC doesn't count with P0 frequency!
[    0.000000] x86/fpu: x87 FPU will use FXSAVE
[    0.000000] e820: BIOS-provided physical RAM map:
[    0.000000] BIOS-e820: [mem 0x0000000000000000-0x000000000009fbff] usable
[    0.000000] BIOS-e820: [mem 0x000000000009fc00-0x000000000009ffff] reserved
[    0.000000] BIOS-e820: [mem 0x00000000000f0000-0x00000000000fffff] reserved
[    0.000000] BIOS-e820: [mem 0x0000000000100000-0x000000003ffeffff] usable
[    0.000000] BIOS-e820: [mem 0x000000003fff0000-0x000000003fffffff] ACPI data
[    0.000000] BIOS-e820: [mem 0x00000000fec00000-0x00000000fec00fff] reserved
[    0.000000] BIOS-e820: [mem 0x00000000fee00000-0x00000000fee00fff] reserved
[    0.000000] BIOS-e820: [mem 0x00000000fffc0000-0x00000000ffffffff] reserved
[    0.000000] NX (Execute Disable) protection: active
[    0.000000] SMBIOS 2.5 present.
[    0.000000] DMI: innotek GmbH VirtualBox/VirtualBox, BIOS VirtualBox 12/01/2006
[    0.000000] Hypervisor detected: KVM
[    0.000000] e820: last_pfn = 0x3fff0 max_arch_pfn = 0x400000000
[    0.000000] MTRR: Disabled
[    0.000000] x86/PAT: MTRRs disabled, skipping PAT initialization too.
[    0.000000] CPU MTRRs all blank - virtualized system.
[    0.000000] x86/PAT: Configuration [0-7]: WB  WT  UC- UC  WB  WT  UC- UC  
[    0.000000] found SMP MP-table at [mem 0x0009fff0-0x0009ffff]
[    0.000000] Scanning 1 areas for low memory corruption
[    0.000000] RAMDISK: [mem 0x359cb000-0x36cdcfff]
[    0.000000] ACPI: Early table checksum verification disabled
[    0.000000] ACPI: RSDP 0x00000000000E0000 000024 (v02 VBOX  )
[    0.000000] ACPI: XSDT 0x000000003FFF0030 00003C (v01 VBOX   VBOXXSDT 00000001 ASL  00000061)
[    0.000000] ACPI: FACP 0x000000003FFF00F0 0000F4 (v04 VBOX   VBOXFACP 00000001 ASL  00000061)
[    0.000000] ACPI: DSDT 0x000000003FFF0610 002353 (v02 VBOX   VBOXBIOS 00000002 INTL 20100528)
[    0.000000] ACPI: FACS 0x000000003FFF0200 000040
[    0.000000] ACPI: FACS 0x000000003FFF0200 000040
[    0.000000] ACPI: APIC 0x000000003FFF0240 00005C (v02 VBOX   VBOXAPIC 00000001 ASL  00000061)
[    0.000000] ACPI: SSDT 0x000000003FFF02A0 00036C (v01 VBOX   VBOXCPUT 00000002 INTL 20100528)
[    0.000000] ACPI: Reserving FACP table memory at [mem 0x3fff00f0-0x3fff01e3]
[    0.000000] ACPI: Reserving DSDT table memory at [mem 0x3fff0610-0x3fff2962]
[    0.000000] ACPI: Reserving FACS table memory at [mem 0x3fff0200-0x3fff023f]
[    0.000000] ACPI: Reserving FACS table memory at [mem 0x3fff0200-0x3fff023f]
[    0.000000] ACPI: Reserving APIC table memory at [mem 0x3fff0240-0x3fff029b]
[    0.000000] ACPI: Reserving SSDT table memory at [mem 0x3fff02a0-0x3fff060b]
[    0.000000] No NUMA configuration found
[    0.000000] Faking a node at [mem 0x0000000000000000-0x000000003ffeffff]
[    0.000000] NODE_DATA(0) allocated [mem 0x3ffc5000-0x3ffeffff]
[    0.000000] kvm-clock: cpu 0, msr 0:3ff44001, primary cpu clock
[    0.000000] kvm-clock: Using msrs 4b564d01 and 4b564d00
[    0.000000] kvm-clock: using sched offset of 3787016650 cycles
[    0.000000] clocksource: kvm-clock: mask: 0xffffffffffffffff max_cycles: 0x1cd42e4dffb, max_idle_ns: 881590591483 ns
[    0.000000] Zone ranges:
[    0.000000]   DMA      [mem 0x0000000000001000-0x0000000000ffffff]
[    0.000000]   DMA32    [mem 0x0000000001000000-0x000000003ffeffff]
[    0.000000]   Normal   empty
[    0.000000]   Device   empty
[    0.000000] Movable zone start for each node
[    0.000000] Early memory node ranges
[    0.000000]   node   0: [mem 0x0000000000001000-0x000000000009efff]
[    0.000000]   node   0: [mem 0x0000000000100000-0x000000003ffeffff]
[    0.000000] Reserved but unavailable: 104 pages
[    0.000000] Initmem setup node 0 [mem 0x0000000000001000-0x000000003ffeffff]
[    0.000000] ACPI: PM-Timer IO Port: 0x4008
[    0.000000] IOAPIC[0]: apic_id 2, version 32, address 0xfec00000, GSI 0-23
[    0.000000] ACPI: INT_SRC_OVR (bus 0 bus_irq 0 global_irq 2 dfl dfl)
[    0.000000] ACPI: INT_SRC_OVR (bus 0 bus_irq 9 global_irq 9 low level)
[    0.000000] Using ACPI (MADT) for SMP configuration information
[    0.000000] smpboot: Allowing 2 CPUs, 0 hotplug CPUs
[    0.000000] PM: Registered nosave memory: [mem 0x00000000-0x00000fff]
[    0.000000] PM: Registered nosave memory: [mem 0x0009f000-0x0009ffff]
[    0.000000] PM: Registered nosave memory: [mem 0x000a0000-0x000effff]
[    0.000000] PM: Registered nosave memory: [mem 0x000f0000-0x000fffff]
[    0.000000] e820: [mem 0x40000000-0xfebfffff] available for PCI devices
[    0.000000] Booting paravirtualized kernel on KVM
[    0.000000] clocksource: refined-jiffies: mask: 0xffffffff max_cycles: 0xffffffff, max_idle_ns: 7645519600211568 ns
[    0.000000] setup_percpu: NR_CPUS:8192 nr_cpumask_bits:2 nr_cpu_ids:2 nr_node_ids:1
[    0.000000] percpu: Embedded 50 pages/cpu s167936 r8192 d28672 u1048576
[    0.000000] PV qspinlock hash table entries: 256 (order: 0, 4096 bytes)
[    0.000000] Built 1 zonelists, mobility grouping on.  Total pages: 257913
[    0.000000] Policy zone: DMA32
[    0.000000] Kernel command line: BOOT_IMAGE=/boot/vmlinuz-4.15.0-212-generic root=LABEL=cloudimg-rootfs ro console=tty1 console=ttyS0
[    0.000000] Memory: 982644K/1048120K available (12300K kernel code, 2477K rwdata, 4324K rodata, 2480K init, 2720K bss, 65476K reserved, 0K cma-reserved)
[    0.000000] SLUB: HWalign=64, Order=0-3, MinObjects=0, CPUs=2, Nodes=1
[    0.000000] ftrace: allocating 39508 entries in 155 pages
[    0.004000] Hierarchical RCU implementation.
[    0.004000] 	RCU restricting CPUs from NR_CPUS=8192 to nr_cpu_ids=2.
[    0.004000] 	Tasks RCU enabled.
[    0.004000] RCU: Adjusting geometry for rcu_fanout_leaf=16, nr_cpu_ids=2
[    0.004000] NR_IRQS: 524544, nr_irqs: 440, preallocated irqs: 16
[    0.004000] random: crng init done
[    0.004000] Console: colour VGA+ 80x25
[    0.004000] console [tty1] enabled
[    0.004000] console [ttyS0] enabled
[    0.004000] ACPI: Core revision 20170831
[    0.004000] ACPI: 2 ACPI AML tables successfully acquired and loaded
[    0.004000] APIC: Switch to symmetric I/O mode setup
[    0.004000] ..TIMER: vector=0x30 apic1=0 pin1=2 apic2=-1 pin2=-1
[    0.004000] tsc: Detected 4291.656 MHz processor
[    0.004000] Calibrating delay loop (skipped) preset value.. 8583.31 BogoMIPS (lpj=17166624)
[    0.004000] pid_max: default: 32768 minimum: 301
[    0.004000] Security Framework initialized
[    0.004000] Yama: becoming mindful.
[    0.004000] AppArmor: AppArmor initialized
[    0.004000] Dentry cache hash table entries: 131072 (order: 8, 1048576 bytes)
[    0.009841] Inode-cache hash table entries: 65536 (order: 7, 524288 bytes)
[    0.012072] Mount-cache hash table entries: 2048 (order: 2, 16384 bytes)
[    0.016069] Mountpoint-cache hash table entries: 2048 (order: 2, 16384 bytes)
[    0.025134] Last level iTLB entries: 4KB 512, 2MB 512, 4MB 256
[    0.028002] Last level dTLB entries: 4KB 3072, 2MB 3072, 4MB 1536, 1GB 0
[    0.032002] Spectre V1 : Mitigation: usercopy/swapgs barriers and __user pointer sanitization
[    0.036002] Spectre V2 : Mitigation: Retpolines
[    0.040001] Spectre V2 : Spectre v2 / SpectreRSB mitigation: Filling RSB on context switch
[    0.044001] Spectre V2 : Spectre v2 / SpectreRSB : Filling RSB on VMEXIT
[    0.048149] Freeing SMP alternatives memory: 36K
[    0.180605] APIC calibration not consistent with PM-Timer: 112ms instead of 100ms
[    0.184000] APIC delta adjusted to PM-Timer: 6393335 (7217646)
[    0.184337] smpboot: CPU0: AMD Ryzen 5 8645HS w/ Radeon 760M Graphics (family: 0x19, model: 0x75, stepping: 0x2)
[    0.188000] Performance Events: PMU not available due to virtualization, using software events only.
[    0.188000] Hierarchical SRCU implementation.
[    0.188000] NMI watchdog: Perf event create on CPU 0 failed with -2
[    0.188000] NMI watchdog: Perf NMI watchdog permanently disabled
[    0.188000] smp: Bringing up secondary CPUs ...
[    0.188000] x86: Booting SMP configuration:
[    0.188000] .... node  #0, CPUs:      #1
[    0.004000] kvm-clock: cpu 1, msr 0:3ff44041, secondary cpu clock
[    0.200000] TSC synchronization [CPU#0 -> CPU#1]:
[    0.200000] Measured 97308 cycles TSC warp between CPUs, turning off TSC clock.
[    0.200000] tsc: Marking TSC unstable due to check_tsc_sync_source failed
[    0.204224] smp: Brought up 1 node, 2 CPUs
[    0.208004] smpboot: Max logical packages: 1
[    0.210984] smpboot: Total of 2 processors activated (17166.62 BogoMIPS)
[    0.212583] devtmpfs: initialized
[    0.216410] x86/mm: Memory block size: 128MB
[    0.220373] evm: security.selinux
[    0.228002] evm: security.SMACK64
[    0.232002] evm: security.SMACK64EXEC
[    0.236002] evm: security.SMACK64TRANSMUTE
[    0.240002] evm: security.SMACK64MMAP
[    0.244001] evm: security.apparmor
[    0.248002] evm: security.ima
[    0.252002] evm: security.capability
[    0.260302] clocksource: jiffies: mask: 0xffffffff max_cycles: 0xffffffff, max_idle_ns: 7645041785100000 ns
[    0.272007] futex hash table entries: 512 (order: 3, 32768 bytes)
[    0.280366] pinctrl core: initialized pinctrl subsystem
[    0.288192] RTC time:  2:56:46, date: 08/09/24
[    0.293009] NET: Registered protocol family 16
[    0.300107] audit: initializing netlink subsys (disabled)
[    0.308082] audit: type=2000 audit(1723172211.223:1): state=initialized audit_enabled=0 res=1
[    0.316121] cpuidle: using governor ladder
[    0.320181] cpuidle: using governor menu
[    0.328795] ACPI: bus type PCI registered
[    0.332003] acpiphp: ACPI Hot Plug PCI Controller Driver version: 0.5
[    0.340522] PCI: Using configuration type 1 for base access
[    0.348001] PCI: Using configuration type 1 for extended access
[    0.360353] HugeTLB registered 2.00 MiB page size, pre-allocated 0 pages
[    0.368383] ACPI: Added _OSI(Module Device)
[    0.372094] ACPI: Added _OSI(Processor Device)
[    0.376002] ACPI: Added _OSI(3.0 _SCP Extensions)
[    0.380002] ACPI: Added _OSI(Processor Aggregator Device)
[    0.384004] ACPI: Added _OSI(Linux-Dell-Video)
[    0.388006] ACPI: Added _OSI(Linux-Lenovo-NV-HDMI-Audio)
[    0.396003] ACPI: Added _OSI(Linux-HPI-Hybrid-Graphics)
[    0.400769] ACPI: Executed 1 blocks of module-level executable AML code
[    0.406034] ACPI: Interpreter enabled
[    0.412011] ACPI: (supports S0 S5)
[    0.416003] ACPI: Using IOAPIC for interrupt routing
[    0.420339] PCI: Using host bridge windows from ACPI; if necessary, use "pci=nocrs" and report a bug
[    0.428228] ACPI: Enabled 2 GPEs in block 00 to 07
[    0.441599] ACPI: PCI Root Bridge [PCI0] (domain 0000 [bus 00-ff])
[    0.444007] acpi PNP0A03:00: _OSC: OS supports [ExtendedConfig ASPM ClockPM Segments MSI]
[    0.453208] acpi PNP0A03:00: _OSC: platform does not support [PCIeCapability]
[    0.460094] acpi PNP0A03:00: _OSC: not requesting control; platform does not support [PCIeCapability]
[    0.464003] acpi PNP0A03:00: _OSC: OS requested [PCIeHotplug PME AER PCIeCapability]
[    0.472004] acpi PNP0A03:00: _OSC: platform willing to grant [PCIeHotplug PME AER]
[    0.476005] acpi PNP0A03:00: _OSC failed (AE_SUPPORT); disabling ASPM
[    0.484691] PCI host bridge to bus 0000:00
[    0.488004] pci_bus 0000:00: root bus resource [io  0x0000-0x0cf7 window]
[    0.492003] pci_bus 0000:00: root bus resource [io  0x0d00-0xffff window]
[    0.500003] pci_bus 0000:00: root bus resource [mem 0x000a0000-0x000bffff window]
[    0.508004] pci_bus 0000:00: root bus resource [mem 0x40000000-0xfdffffff window]
[    0.512005] pci_bus 0000:00: root bus resource [bus 00-ff]
[    0.524451] pci 0000:00:01.1: legacy IDE quirk: reg 0x10: [io  0x01f0-0x01f7]
[    0.532012] pci 0000:00:01.1: legacy IDE quirk: reg 0x14: [io  0x03f6]
[    0.540012] pci 0000:00:01.1: legacy IDE quirk: reg 0x18: [io  0x0170-0x0177]
[    0.548011] pci 0000:00:01.1: legacy IDE quirk: reg 0x1c: [io  0x0376]
[    0.573762] pci 0000:00:07.0: quirk: [io  0x4000-0x403f] claimed by PIIX4 ACPI
[    0.580037] pci 0000:00:07.0: quirk: [io  0x4100-0x410f] claimed by PIIX4 SMB
[    0.594751] ACPI: PCI Interrupt Link [LNKA] (IRQs 5 9 10 *11)
[    0.596442] ACPI: PCI Interrupt Link [LNKB] (IRQs 5 9 *10 11)
[    0.604180] ACPI: PCI Interrupt Link [LNKC] (IRQs 5 *9 10 11)
[    0.608181] ACPI: PCI Interrupt Link [LNKD] (IRQs 5 9 10 *11)
[    0.612678] SCSI subsystem initialized
[    0.616239] pci 0000:00:02.0: vgaarb: setting as boot VGA device
[    0.620000] pci 0000:00:02.0: vgaarb: VGA device added: decodes=io+mem,owns=io+mem,locks=none
[    0.620006] pci 0000:00:02.0: vgaarb: bridge control possible
[    0.624003] vgaarb: loaded
[    0.626802] ACPI: bus type USB registered
[    0.628070] usbcore: registered new interface driver usbfs
[    0.632018] usbcore: registered new interface driver hub
[    0.636062] usbcore: registered new device driver usb
[    0.640212] EDAC MC: Ver: 3.0.0
[    0.644779] PCI: Using ACPI for IRQ routing
[    0.648748] NetLabel: Initializing
[    0.652002] NetLabel:  domain hash size = 128
[    0.660003] NetLabel:  protocols = UNLABELED CIPSOv4 CALIPSO
[    0.664059] NetLabel:  unlabeled traffic allowed by default
[    0.672383] clocksource: Switched to clocksource kvm-clock
[    0.691921] VFS: Disk quotas dquot_6.6.0
[    0.691921] VFS: Dquot-cache hash table entries: 512 (order 0, 4096 bytes)
[    0.691921] AppArmor: AppArmor Filesystem Enabled
[    0.691921] pnp: PnP ACPI init
[    0.691921] pnp: PnP ACPI: found 3 devices
[    0.783369] clocksource: acpi_pm: mask: 0xffffff max_cycles: 0xffffff, max_idle_ns: 2085701024 ns
[    0.784232] NET: Registered protocol family 2
[    0.784232] IP idents hash table entries: 16384 (order: 5, 131072 bytes)
[    0.799200] TCP established hash table entries: 8192 (order: 4, 65536 bytes)
[    0.804685] TCP bind hash table entries: 8192 (order: 5, 131072 bytes)
[    0.808393] TCP: Hash tables configured (established 8192 bind 8192)
[    0.808393] UDP hash table entries: 512 (order: 2, 16384 bytes)
[    0.808393] UDP-Lite hash table entries: 512 (order: 2, 16384 bytes)
[    0.808393] NET: Registered protocol family 1
[    0.808393] pci 0000:00:00.0: Limiting direct PCI/PCI transfers
[    0.808393] pci 0000:00:01.0: Activating ISA DMA hang workarounds
[    0.808393] pci 0000:00:02.0: Video device with shadowed ROM at [mem 0x000c0000-0x000dffff]
[    0.808393] Unpacking initramfs...
[    1.286192] Freeing initrd memory: 19528K
[    1.289414] clocksource: tsc: mask: 0xffffffffffffffff max_cycles: 0x3ddc98ddfe7, max_idle_ns: 440795211257 ns
[    1.298284] platform rtc_cmos: registered platform RTC device (no PNP device found)
[    1.305067] Scanning for low memory corruption every 60 seconds
[    1.311815] Initialise system trusted keyrings
[    1.316152] Key type blacklist registered
[    1.320794] workingset: timestamp_bits=36 max_order=18 bucket_order=0
[    1.330978] zbud: loaded
[    1.335534] squashfs: version 4.0 (2009/01/31) Phillip Lougher
[    1.342853] fuse init (API version 7.26)
[    1.378688] Key type asymmetric registered
[    1.383164] Asymmetric key parser 'x509' registered
[    1.388338] Block layer SCSI generic (bsg) driver version 0.4 loaded (major 246)
[    1.395232] io scheduler noop registered
[    1.398783] io scheduler deadline registered
[    1.403630] io scheduler cfq registered (default)
[    1.408936] ACPI: AC Adapter [AC] (on-line)
[    1.412762] input: Power Button as /devices/LNXSYSTM:00/LNXPWRBN:00/input/input0
[    1.419760] ACPI: Power Button [PWRF]
[    1.423811] input: Sleep Button as /devices/LNXSYSTM:00/LNXSLPBN:00/input/input1
[    1.430151] ACPI: Sleep Button [SLPF]
[    1.436940] ACPI: Battery Slot [BAT0] (battery present)
[    1.441545] Serial: 8250/16550 driver, 32 ports, IRQ sharing enabled
[    1.476983] 00:02: ttyS0 at I/O 0x3f8 (irq = 4, base_baud = 115200) is a 16550A
[    1.499742] Linux agpgart interface v0.103
[    1.512424] loop: module loaded
[    1.519554] scsi host0: ata_piix
[    1.524352] scsi host1: ata_piix
[    1.527497] ata1: PATA max UDMA/33 cmd 0x1f0 ctl 0x3f6 bmdma 0xd000 irq 14
[    1.534383] ata2: PATA max UDMA/33 cmd 0x170 ctl 0x376 bmdma 0xd008 irq 15
[    1.540289] tun: Universal TUN/TAP device driver, 1.6
[    1.545490] PPP generic driver version 2.4.2
[    1.549652] ehci_hcd: USB 2.0 'Enhanced' Host Controller (EHCI) Driver
[    1.555590] ehci-pci: EHCI PCI platform driver
[    1.559605] ehci-platform: EHCI generic platform driver
[    1.563899] ohci_hcd: USB 1.1 'Open' Host Controller (OHCI) Driver
[    1.569161] ohci-pci: OHCI PCI platform driver
[    1.573077] ohci-platform: OHCI generic platform driver
[    1.578826] uhci_hcd: USB Universal Host Controller Interface driver
[    1.585381] i8042: PNP: PS/2 Controller [PNP0303:PS2K,PNP0f03:PS2M] at 0x60,0x64 irq 1,12
[    1.595535] serio: i8042 KBD port at 0x60,0x64 irq 1
[    1.600475] serio: i8042 AUX port at 0x60,0x64 irq 12
[    1.605505] mousedev: PS/2 mouse device common for all mice
[    1.611637] input: AT Translated Set 2 keyboard as /devices/platform/i8042/serio0/input/input2
[    1.613249] rtc_cmos rtc_cmos: rtc core: registered rtc_cmos as rtc0
[    1.623793] rtc_cmos rtc_cmos: alarms up to one day, 114 bytes nvram
[    1.628458] i2c /dev entries driver
[    1.631084] device-mapper: uevent: version 1.0.3
[    1.635070] device-mapper: ioctl: 4.37.0-ioctl (2017-09-20) initialised: dm-devel@redhat.com
[    1.641936] ledtrig-cpu: registered to indicate activity on CPUs
[    1.649957] NET: Registered protocol family 10
[    1.664524] Segment Routing with IPv6
[    1.669349] NET: Registered protocol family 17
[    1.675395] Key type dns_resolver registered
[    1.680424] mce: Using 0 MCE banks
[    1.683910] RAS: Correctable Errors collector initialized.
[    1.688498] sched_clock: Marking stable (1688450985, 0)->(2288263787, -599812802)
[    1.697393] registered taskstats version 1
[    1.701653] Loading compiled-in X.509 certificates
[    1.733980] Loaded X.509 cert 'Build time autogenerated kernel key: b5b26778eaa3ab3a4a6cee031137706e947d12ad'
[    1.743109] Loaded X.509 cert 'Canonical Ltd. Live Patch Signing: 14df34d1a87cf37625abec039ef2bf521249b969'
[    1.751559] Loaded X.509 cert 'Canonical Ltd. Kernel Module Signing: 88f752e560a1e0737e31163a466ad7b70a850c19'
[    1.760147] blacklist: Loading compiled-in revocation X.509 certificates
[    1.765471] Loaded X.509 cert 'Canonical Ltd. Secure Boot Signing: 61482aa2830d0ab2ad5af10b7250da9033ddcef0'
[    1.773483] Loaded X.509 cert 'Canonical Ltd. Secure Boot Signing (2017): 242ade75ac4a15e50d50c84b0d45ff3eae707a03'
[    1.781433] Loaded X.509 cert 'Canonical Ltd. Secure Boot Signing (ESM 2018): 365188c1d374d6b07c3c8f240f8ef722433d6a8b'
[    1.789663] Loaded X.509 cert 'Canonical Ltd. Secure Boot Signing (2019): c0746fd6c5da3ae827864651ad66ae47fe24b3e8'
[    1.797505] Loaded X.509 cert 'Canonical Ltd. Secure Boot Signing (2021 v1): a8d54bbb3825cfb94fa13c9f8a594a195c107b8d'
[    1.805601] Loaded X.509 cert 'Canonical Ltd. Secure Boot Signing (2021 v2): 4cf046892d6fd3c9a5b03f98d845f90851dc6a8c'
[    1.813797] Loaded X.509 cert 'Canonical Ltd. Secure Boot Signing (2021 v3): 100437bb6de6e469b581e61cd66bce3ef4ed53af'
[    1.821773] Loaded X.509 cert 'Canonical Ltd. Secure Boot Signing (Ubuntu Core 2019): c1d57b8f6b743f23ee41f4f7ee292f06eecadfb9'
[    1.830292] zswap: loaded using pool lzo/zbud
[    1.841704] Key type big_key registered
[    1.845012] Key type trusted registered
[    1.851547] Key type encrypted registered
[    1.854942] AppArmor: AppArmor sha1 policy hashing enabled
[    1.859287] ima: No TPM chip found, activating TPM-bypass! (rc=-19)
[    1.864366] ima: Allocated hash algorithm: sha1
[    1.867964] evm: HMAC attrs: 0x1
[    1.871530]   Magic number: 4:787:914
[    1.875214] rtc_cmos rtc_cmos: setting system clock to 2024-08-09 02:56:48 UTC (1723172208)
[    1.882265] BIOS EDD facility v0.16 2004-Jun-25, 0 devices found
[    1.888314] EDD information not available.
[    1.894949] Freeing unused kernel image memory: 2480K
[    1.912877] Write protecting the kernel read-only data: 20480k
[    1.919830] Freeing unused kernel image memory: 2008K
[    1.923803] Freeing unused kernel image memory: 1820K
[    1.930858] x86/mm: Checked W+X mappings: passed, no W+X pages found.
Loading, please wait...
starting version 237
[    1.995908] e1000: Intel(R) PRO/1000 Network Driver - version 7.3.21-k8-NAPI
[    2.001819] e1000: Copyright (c) 1999-2006 Intel Corporation.
[    2.007541] Fusion MPT base driver 3.04.20
[    2.011423] Copyright (c) 1999-2008 LSI Corporation
[    2.021492] Fusion MPT SPI Host driver 3.04.20
[    2.033714] SSE version of gcm_enc/dec engaged.
[    2.247268] input: ImExPS/2 Generic Explorer Mouse as /devices/platform/i8042/serio1/input/input4
[    2.606951] e1000 0000:00:03.0 eth0: (PCI:33MHz:32-bit) 02:3b:7b:b7:3b:2d
[    2.611658] e1000 0000:00:03.0 eth0: Intel(R) PRO/1000 Network Connection
[    2.618490] mptbase: ioc0: Initiating bringup
[    3.031107] ioc0: LSI53C1030 A0: Capabilities={Initiator}
[    4.092341] scsi host2: ioc0: LSI53C1030 A0, FwRev=00000000h, Ports=1, MaxQ=256, IRQ=20
[    4.601580] scsi 2:0:0:0: Direct-Access     VBOX     HARDDISK         1.0  PQ: 0 ANSI: 5
[    4.656637] scsi target2:0:0: Beginning Domain Validation
[    4.666599] scsi target2:0:0: Domain Validation skipping write tests
[    4.672081] scsi target2:0:0: Ending Domain Validation
[    4.676877] scsi target2:0:0: asynchronous
[    4.682381] scsi 2:0:1:0: Direct-Access     VBOX     HARDDISK         1.0  PQ: 0 ANSI: 5
[    5.036411] scsi target2:0:1: Beginning Domain Validation
[    5.046279] scsi target2:0:1: Domain Validation skipping write tests
[    5.051201] scsi target2:0:1: Ending Domain Validation
[    5.056312] scsi target2:0:1: asynchronous
[    5.069431] sd 2:0:0:0: [sda] 83886080 512-byte logical blocks: (42.9 GB/40.0 GiB)
[    5.075623] sd 2:0:0:0: Attached scsi generic sg0 type 0
[    5.080506] sd 2:0:0:0: [sda] Write Protect is off
[    5.084714] sd 2:0:0:0: [sda] Incomplete mode parameter data
[    5.090025] sd 2:0:0:0: [sda] Assuming drive cache: write through
[    5.095100] sd 2:0:1:0: Attached scsi generic sg1 type 0
[    5.101355] sd 2:0:1:0: [sdb] 20480 512-byte logical blocks: (10.5 MB/10.0 MiB)
[    5.108842] sd 2:0:1:0: [sdb] Write Protect is off
[    5.114496] sd 2:0:1:0: [sdb] Incomplete mode parameter data
[    5.118684] sd 2:0:1:0: [sdb] Assuming drive cache: write through
[    5.133143]  sda: sda1
[    5.137856] sd 2:0:0:0: [sda] Attached SCSI disk
[    5.144118] sd 2:0:1:0: [sdb] Attached SCSI disk
[    5.215287] e1000 0000:00:08.0 eth1: (PCI:33MHz:32-bit) 08:00:27:0e:9d:3e
[    5.220106] e1000 0000:00:08.0 eth1: Intel(R) PRO/1000 Network Connection
[    5.226766] e1000 0000:00:03.0 enp0s3: renamed from eth0
[    5.257485] e1000 0000:00:08.0 enp0s8: renamed from eth1
Begin: Loading essential drivers ... [    6.860493] raid6: sse2x1   gen()  7085 MB/s
[    6.909325] raid6: sse2x1   xor() 13186 MB/s
[    6.960762] raid6: sse2x2   gen() 15912 MB/s
[    7.013256] raid6: sse2x2   xor() 17600 MB/s
[    7.065464] raid6: sse2x4   gen() 26510 MB/s
[    7.116097] raid6: sse2x4   xor()  7237 MB/s
[    7.119848] raid6: using algorithm sse2x4 gen() 26510 MB/s
[    7.124642] raid6: .... xor() 7237 MB/s, rmw enabled
[    7.129075] raid6: using ssse3x2 recovery algorithm
[    7.135114] xor: measuring software checksum speed
[    7.176170]    prefetch64-sse: 28791.000 MB/sec
[    7.221487]    generic_sse: 27027.000 MB/sec
[    7.224715] xor: using function: prefetch64-sse (28791.000 MB/sec)
[    7.231214] async_tx: api initialized (async)
done.
Begin: Running /scripts/init-premount ... done.
Begin: Mounting root file system ... Begin: Running /scripts/local-top ... done.
Begin: Running /scripts/local-premount ... [    7.281541] Btrfs loaded, crc32c=crc32c-intel
Scanning for Btrfs filesystems
done.
Warning: fsck not present, so skipping root file system
[    7.341047] EXT4-fs (sda1): mounted filesystem with ordered data mode. Opts: (null)
done.
Begin: Running /scripts/local-bottom ... done.
Begin: Running /scripts/init-bottom ... done.
[    7.540581] ip_tables: (C) 2000-2006 Netfilter Core Team
[    7.556520] systemd[1]: systemd 237 running in system mode. (+PAM +AUDIT +SELINUX +IMA +APPARMOR +SMACK +SYSVINIT +UTMP +LIBCRYPTSETUP +GCRYPT +GNUTLS +ACL +XZ +LZ4 +SECCOMP +BLKID +ELFUTILS +KMOD -IDN2 +IDN -PCRE2 default-hierarchy=hybrid)
[    7.576042] systemd[1]: Detected virtualization oracle.
[    7.579865] systemd[1]: Detected architecture x86-64.

Welcome to [1mUbuntu 18.04.6 LTS[0m!

[    7.610337] systemd[1]: Set hostname to <ubuntu>.
[    7.618613] systemd[1]: Initializing machine ID from random generator.
[    7.623169] systemd[1]: Installed transient /etc/machine-id file.
[    7.905073] systemd[1]: Created slice User and Session Slice.
[[0;32m  OK  [0m] Created slice User and Session Slice.
[    7.911050] systemd[1]: Reached target System Time Synchronized.
[[0;32m  OK  [0m] Reached target System Time Synchronized.
[    7.917231] systemd[1]: Started Forward Password Requests to Wall Directory Watch.
[[0;32m  OK  [0m] Started Forward Password Requests to Wall Directory Watch.
[    7.925350] systemd[1]: Set up automount Arbitrary Executable File Formats File System Automount Point.
[[0;32m  OK  [0m] Set up automount Arbitrary Executab…rmats File System Automount Point.
[[0;32m  OK  [0m] Created slice System Slice.
[[0;32m  OK  [0m] Listening on Syslog Socket.
[[0;32m  OK  [0m] Listening on udev Kernel Socket.
[[0;32m  OK  [0m] Listening on Journal Audit Socket.
[[0;32m  OK  [0m] Created slice system-serial\x2dgetty.slice.
[[0;32m  OK  [0m] Listening on fsck to fsckd communication Socket.
[[0;32m  OK  [0m] Listening on LVM2 metadata daemon socket.
[[0;32m  OK  [0m] Listening on Journal Socket.
         Starting Set the console keyboard layout...
         Mounting POSIX Message Queue File System...
         Starting Load Kernel Modules...
         Starting File System Check on Root Device...
         Starting Uncomplicated firewall...
[[0;32m  OK  [0m] Listening on /dev/initctl Compatibility Named Pipe.
[[0;32m  OK  [0m] Listening on LVM2 poll daemon socket.
[[0;32m  OK  [0m] Listening on udev Control Socket.
         Starting udev Coldplug all Devices...
[[0;32m  OK  [0m] Listening on Network Service Netlink Socket.
[[0;32m  OK  [0m] Listening on Journal Socket (/dev/log).
         Starting Journal Service...
         Starting Create list of required st…ce nodes for the current kernel...
[[0;32m  OK  [0m] Listening on Device-mapper event daemon FIFOs.
[[0;32m  OK  [0m] Reached target User and Group Name Lookups.
[    8.030337] Loading iSCSI transport class v2.0-870.
[    8.039302] iscsi: registered transport (tcp)
[    8.056350] iscsi: registered transport (iser)
[[0;32m  OK  [0m] Reached target Swap.
         Mounting Kernel Debug File System...
         Starting Monitoring of LVM2 mirrors…ng dmeventd or progress polling...
[[0;32m  OK  [0m] Reached target Mounting snaps.
[[0;32m  OK  [0m] Reached target Mounted snaps.
         Mounting Huge Pages File System...
[[0;32m  OK  [0m] Reached target Slices.
[[0;32m  OK  [0m] Started Journal Service.
[[0;32m  OK  [0m] Mounted POSIX Message Queue File System.
[[0;32m  OK  [0m] Started Load Kernel Modules.
[[0;32m  OK  [0m] Started File System Check on Root Device.
[[0;32m  OK  [0m] Started Uncomplicated firewall.
[[0;32m  OK  [0m] Started Create list of required sta…vice nodes for the current kernel.
[[0;32m  OK  [0m] Mounted Kernel Debug File System.
[[0;32m  OK  [0m] Mounted Huge Pages File System.
[[0;32m  OK  [0m] Started File System Check Daemon to report status.
         Starting Create Static Device Nodes in /dev...
         Starting Remount Root and Kernel File Systems...
         Mounting Kernel Configuration File System...
         Starting Apply Kernel Variables...
         Mounting FUSE Control File System...
[[0;32m  OK  [0m] Mounted Kernel Configuration File System.
[[0;32m  OK  [0m] Mounted FUSE Control File System.
[[0;32m  OK  [0m] Started udev Coldplug all Devices.
[[0;32m  OK  [0m] Started Create Static Device Nodes in /dev.
[[0;32m  OK  [0m] Started LVM2 metadata daemon.
[[0;32m  OK  [0m] Started Remount Root and Kernel File Systems.
[[0;32m  OK  [0m] Started Apply Kernel Variables.
         Starting Load/Save Random Seed...
         Starting udev Kernel Device Manager...
         Starting Flush Journal to Persistent Storage...
[[0;32m  OK  [0m] Started Load/Save Random Seed.
[[0;32m  OK  [0m] Started Monitoring of LVM2 mirrors,…sing dmeventd or progress polling.
[[0;32m  OK  [0m] Started udev Kernel Device Manager.
[[0;32m  OK  [0m] Started Flush Journal to Persistent Storage.
[[0;32m  OK  [0m] Found device /dev/ttyS0.
[[0;32m  OK  [0m] Listening on Load/Save RF Kill Switch Status /dev/rfkill Watch.
[[0;32m  OK  [0m] Started Set the console keyboard layout.
[[0;32m  OK  [0m] Reached target Local File Systems (Pre).
[[0;32m  OK  [0m] Reached target Local File Systems.
         Starting AppArmor initialization...
         Starting Commit a transient machine-id on disk...
         Starting ebtables ruleset management...
         Starting Set console font and keymap...
         Starting Tell Plymouth To Write Out Runtime Data...
         Starting Create Volatile Files and Directories...
[[0;32m  OK  [0m] Started Dispatch Password Requests to Console Directory Watch.
[[0;32m  OK  [0m] Reached target Local Encrypted Volumes.
[[0;32m  OK  [0m] Started Tell Plymouth To Write Out Runtime Data.
[[0;32m  OK  [0m] Started Create Volatile Files and Directories.
         Starting Update UTMP about System Boot/Shutdown...
[[0;32m  OK  [0m] Started Commit a transient machine-id on disk.
[[0;32m  OK  [0m] Started Update UTMP about System Boot/Shutdown.
[[0;32m  OK  [0m] Started ebtables ruleset management.
         Mounting Arbitrary Executable File Formats File System...
[[0;32m  OK  [0m] Mounted Arbitrary Executable File Formats File System.
[[0;32m  OK  [0m] Started AppArmor initialization.
         Starting Load AppArmor profiles managed internally by snapd...
         Starting Initial cloud-init job (pre-networking)...
[[0;32m  OK  [0m] Started Load AppArmor profiles managed internally by snapd.
[[0;32m  OK  [0m] Started Set console font and keymap.
[   11.130291] cloud-init[757]: Cloud-init v. 23.1.2-0ubuntu0~18.04.1 running 'init-local' at Fri, 09 Aug 2024 02:56:57 +0000. Up 10.84 seconds.
[[0;32m  OK  [0m] Started Initial cloud-init job (pre-networking).
[[0;32m  OK  [0m] Reached target Network (Pre).
         Starting Network Service...
[[0;32m  OK  [0m] Started Network Service.
         Starting Network Name Resolution...
         Starting Wait for Network to be Configured...
[[0;32m  OK  [0m] Started Network Name Resolution.
[[0;32m  OK  [0m] Reached target Network.
[[0;32m  OK  [0m] Reached target Host and Network Name Lookups.
[[0;32m  OK  [0m] Started Wait for Network to be Configured.
         Starting Initial cloud-init job (metadata service crawler)...
[   13.516664] cloud-init[898]: Cloud-init v. 23.1.2-0ubuntu0~18.04.1 running 'init' at Fri, 09 Aug 2024 02:57:00 +0000. Up 13.41 seconds.
[   13.522577] cloud-init[898]: ci-info: ++++++++++++++++++++++++++++++++++++++Net device info+++++++++++++++++++++++++++++++++++++++
[   13.527636] cloud-init[898]: ci-info: +--------+-------+----------------------------+---------------+--------+-------------------+
[   13.533982] cloud-init[898]: ci-info: | Device |   Up  |          Address           |      Mask     | Scope  |     Hw-Address    |
[   13.538914] cloud-init[898]: ci-info: +--------+-------+----------------------------+---------------+--------+-------------------+
[   13.543841] cloud-init[898]: ci-info: | enp0s3 |  True |         10.0.2.15          | 255.255.255.0 | global | 02:3b:7b:b7:3b:2d |
[   13.549126] cloud-init[898]: ci-info: | enp0s3 |  True | fe80::3b:7bff:feb7:3b2d/64 |       .       |  link  | 02:3b:7b:b7:3b:2d |
[   13.554594] cloud-init[898]: ci-info: | enp0s8 | False |             .              |       .       |   .    | 08:00:27:0e:9d:3e |
[   13.557719] cloud-init[898]: ci-info: |   lo   |  True |         127.0.0.1          |   255.0.0.0   |  host  |         .         |
[   13.560940] cloud-init[898]: ci-info: |   lo   |  True |          ::1/128           |       .       |  host  |         .         |
[   13.564260] cloud-init[898]: ci-info: +--------+-------+----------------------------+---------------+--------+-------------------+
[   13.567517] cloud-init[898]: ci-info: ++++++++++++++++++++++++++++Route IPv4 info+++++++++++++++++++++++++++++
[   13.570328] cloud-init[898]: ci-info: +-------+-------------+----------+-----------------+-----------+-------+
[   13.573302] cloud-init[898]: ci-info: | Route | Destination | Gateway  |     Genmask     | Interface | Flags |
[   13.576078] cloud-init[898]: ci-info: +-------+-------------+----------+-----------------+-----------+-------+
[   13.578919] cloud-init[898]: ci-info: |   0   |   0.0.0.0   | 10.0.2.2 |     0.0.0.0     |   enp0s3  |   UG  |
[   13.581999] cloud-init[898]: ci-info: |   1   |   10.0.2.0  | 0.0.0.0  |  255.255.255.0  |   enp0s3  |   U   |
[   13.584853] cloud-init[898]: ci-info: |   2   |   10.0.2.2  | 0.0.0.0  | 255.255.255.255 |   enp0s3  |   UH  |
[   13.587555] cloud-init[898]: ci-info: +-------+-------------+----------+-----------------+-----------+-------+
[   13.590336] cloud-init[898]: ci-info: +++++++++++++++++++Route IPv6 info+++++++++++++++++++
[   13.592716] cloud-init[898]: ci-info: +-------+-------------+---------+-----------+-------+
[   13.595059] cloud-init[898]: ci-info: | Route | Destination | Gateway | Interface | Flags |
[   13.597325] cloud-init[898]: ci-info: +-------+-------------+---------+-----------+-------+
[   13.599684] cloud-init[898]: ci-info: |   1   |  fe80::/64  |    ::   |   enp0s3  |   U   |
[   13.601981] cloud-init[898]: ci-info: |   3   |    local    |    ::   |   enp0s3  |   U   |
[   13.604345] cloud-init[898]: ci-info: |   4   |   ff00::/8  |    ::   |   enp0s3  |   U   |
[   13.606628] cloud-init[898]: ci-info: +-------+-------------+---------+-----------+-------+
[   14.275105] cloud-init[898]: Generating public/private rsa key pair.
[   14.277574] cloud-init[898]: Your identification has been saved in /etc/ssh/ssh_host_rsa_key.
[   14.280362] cloud-init[898]: Your public key has been saved in /etc/ssh/ssh_host_rsa_key.pub.
[   14.283710] cloud-init[898]: The key fingerprint is:
[   14.285551] cloud-init[898]: SHA256:xmyX0NjQdJuJlqeyPqM2jUoXA+zN3reWPQ/m8Bg7UcQ root@ubuntu-bionic
[   14.290848] cloud-init[898]: The key's randomart image is:
[   14.294779] cloud-init[898]: +---[RSA 2048]----+
[   14.298914] cloud-init[898]: |        .o...    |
[   14.302795] cloud-init[898]: |   .     =.+E+   |
[   14.306695] cloud-init[898]: |    o   o *.=    |
[   14.310584] cloud-init[898]: |   . + o o +.    |
[   14.313999] cloud-init[898]: |    . = S +.     |
[   14.318083] cloud-init[898]: |     . * +.      |
[   14.322197] cloud-init[898]: |    . ooo ++o    |
[   14.326122] cloud-init[898]: |   . .+.+.+Xo.   |
[   14.330204] cloud-init[898]: |    .o.o.++.oo.  |
[   14.334094] cloud-init[898]: +----[SHA256]-----+
[   14.337998] cloud-init[898]: [[0;32m  OK  [0m] Started Initial cloud-init job (metadata service crawler).
[[0;32m  OK  [0m] Reached target Network is Online.
Generating public/private dsa key pair.[[0;32m  OK  [0m] Reached target Remote File Systems (Pre).
[[0;32m  OK  [0m] Reached target Remote File Systems.
         Starting Availability of block devices...
[[0;32m  OK  [0m] Reached target System Initialization.
[[0;32m  OK  [0m] Started Daily apt download activities.
[[0;32m  OK  [0m] Started Daily apt upgrade and clean activities.
[[0;32m  OK  [0m] Started Discard unused blocks once a week.
[[0;32m  OK  [0m] Started Daily Cleanup of Temporary Directories.
[[0;32m  OK  [0m] Listening on D-Bus System Message Bus Socket.

[[0;32m  OK  [0m] Started ACPI Events Check.
[[0;32m  OK  [0m] Reached target Paths.
[   14.363067] cloud-init         Starting LXD - unix socket.
[[0;32m  OK  [0m] Listening on cloud-init hotplug hook socket.
[[0;32m  OK  [0m] Listening on Open-iSCSI iscsid Socket.
[[0;32m  OK  [0m] Started Ubuntu Advantage Timer for running repeated jobs.
         Starting Socket activation for snappy daemon.
[[0;32m  OK  [0m] Listening on ACPID Listen Socket.
[[0;32m  OK  [0m] Started Message of the Day.
[[0;32m  OK  [0m] Reached target Timers.
[[0;32m  OK  [0m] Listening on UUID daemon activation socket.
[[0;32m  OK  [0m] Reached target Cloud-config availability.
[[0;32m  OK  [0m] Started Availability of block devices.
[[0;32m  OK  [0m] Listening on LXD - unix socket.
[[0;32m  OK  [0m] Listening on Socket activation for snappy daemon.
[[0;32m  OK  [0m] Reached target Sockets.
[[0;32m  OK  [0m] Reached target Basic System.
[[0;32m  OK  [0m] Reached target Login Prompts (Pre).
         Starting Permit User Sessions...
         Starting Pollinate to seed the pseudo random number generator...
         Starting LXD - container startup/shutdown...
[[0;32m  OK  [0m] Started FUSE filesystem for LXC.
         Starting Dispatcher daemon for systemd-networkd...
         Starting LSB: automatic crash report generation...
[[0;32m  OK  [0m] Started Deferred execution scheduler.
         Starting Accounts Service...
         Starting System Logging Service...
[898]: Your identification has been saved in /etc/ssh/ssh_host_dsa_key.         Starting Login Service...
         Starting LSB: Record successful boot for GRUB...

[   14.424750] cloud-init[898]: Your public key has been saved in /etc/ssh/ssh_host_dsa_key.pub.
[   14.430479] cloud-init[898]: The key fingerprint is:
[   14.435182] cloud-init[898]: SHA256:XPRY/z7PNFV6QzCtp3/r24qAlyl1npQDuSlz8FKAp/s root@ubuntu-bionic
[   14.440045] cloud-init[898]: The key's randomart image is:
[   14.444756] cloud-init[898]: +---[DSA 1024]----+
[   14.449543] cloud-init[898]: |       .. . .o.  |
[   14.454074] cloud-init[898]: |      . .o = .o. |
[   14.457916] cloud-init[898]: |       o. * . o..|
[   14.461716] cloud-init[898]: |      .. = + o.+.|
[   14.465873] cloud-init[898]: |       .S * = +.+|
[   14.470120] cloud-init[898]: |      .  B * + oo|
[   14.475241] cloud-init[898]: |       .o = o .oo|
[   14.482853] cloud-init[898]: |        Eo . . +*|
[   14.488454] cloud-init[898]: |            . o=B|
[   14.495057] cloud-init[898]: +----[SHA256]-----+
[   14.500527] cloud-init[898]: Generating public/private ecdsa key pair.
[   14.506135] cloud-init[898]: Your identification has been saved in /etc/ssh/ssh_host_ecdsa_key.
[   14.513599] cloud-init[898]: Your public key has been saved in /etc/ssh/ssh_host_ecdsa_key.pub.
[   14.519148] cloud-init[898]: The key fingerprint is:
[   14.522467] cloud-init[898]: SHA256:Aq90mE957eB6AONTUDBuCJzvlUmgNuUTLK51kOJOi3o root@ubuntu-bionic
[   14.526700] cloud-init[898]: The key's randomart image is:[[0;32m  OK  [0m] Started Regular background program processing daemon.
         Starting Virtualbox guest utils...
[[0;32m  OK  [0m] Started D-Bus System Message Bus.

[   14.537386] cloud-init[898]: +---[ECDSA 256]---+
[   14.548072] cloud-init[898]: |o o=+o.          |
[   14.553247] cloud-init[898]: |.=*+oo           |
[   14.558132] cloud-init[898]: |o=++=.o          |
[   14.564466] cloud-init[898]: |.+oo=O.. .       |
[   14.568432] cloud-init[898]: |=.oo=+* S .      |
[   14.572628] cloud-init[898]: |oo oo=.+ o       |
[   14.576783] cloud-init[898]: |.   ..... .      |
[   14.581076] cloud-init[898]: |. E    ..        |
[   14.588382] cloud-init[898]: | .    ..         |
[   14.598338] cloud-init[898]: +----[SHA256]-----+
[   14.605008] cloud-init[898]: Generating public/private ed25519 key pair.
[   14.610420] cloud-init[898]: Your identification has been saved in /etc/ssh/ssh_host_ed25519_key.
[   14.616168] cloud-init[898]: Your public key has been saved in /etc/ssh/ssh_host_ed25519_key.pub.
[   14.621442] cloud-init[898]: The key fingerprint is:
[   14.625362] cloud-init[898]: SHA256:EeymnBjNY2y9jVF/kNcEQfoSNrNQtQ6ynzoKROhGjv4 root@ubuntu-bionic
[   14.629989] cloud-init[898]: The key's randomart image is:
[   14.633801] cloud-init[898]: +--[ED25519 256]--+
[   14.637490] cloud-init[898]: |       ..   .+==.|
[   14.641271] cloud-init[898]: |     .  ....o....|
[   14.645692] cloud-init[898]: |    o+.o..o.Bo.  |
[   14.652562] cloud-init[898]: |   =..B =. =.O.  |
[   14.655788] cloud-init[898]: |  . +*.=S=. o.o  |
[   14.659300] cloud-init[898]: | . ...+ o .. o   |
[   14.664120] cloud-init[898]: |  .   .     o    |
[   14.667619] cloud-init[898]: |   .   .  ..     |
[   14.671257] cloud-init[898]: |    E   ....     |
[   14.675309] cloud-init[898]: +----[SHA256]-----+
[[0;32m  OK  [0m] Started irqbalance daemon.
         Starting Snap Daemon...
[[0;32m  OK  [0m] Started System Logging Service.
[[0;32m  OK  [0m] Started Permit User Sessions.
[[0;32m  OK  [0m] Started LXD - container startup/shutdown.
[[0;32m  OK  [0m] Started Login Service.
         Starting Authorization Manager...
[[0;32m  OK  [0m] Started Unattended Upgrades Shutdown.
         Starting Hold until boot process finishes up...
         Starting Terminate Plymouth Boot Screen...
[[0;32m  OK  [0m] Started Hold until boot process finishes up.
[[0;32m  OK  [0m] Started Serial Getty on ttyS0.
         Starting Set console scheme...
[[0;32m  OK  [0m] Started Terminate Plymouth Boot Screen.
[[0;32m  OK  [0m] Started LSB: automatic crash report generation.
[[0;32m  OK  [0m] Started Set console scheme.
[[0;32m  OK  [0m] Created slice system-getty.slice.
[[0;32m  OK  [0m] Started Getty on tty1.
[[0;32m  OK  [0m] Reached target Login Prompts.
[[0;32m  OK  [0m] Started Dispatcher daemon for systemd-networkd.
[[0;32m  OK  [0m] Started LSB: Record successful boot for GRUB.
[[0;32m  OK  [0m] Started Authorization Manager.
[[0;32m  OK  [0m] Started Accounts Service.
[[0;32m  OK  [0m] Started Virtualbox guest utils.
[[0;32m  OK  [0m] Started Snap Daemon.
         Starting Wait until snapd is fully seeded...
[[0;32m  OK  [0m] Started Pollinate to seed the pseudo random number generator.
         Starting OpenBSD Secure Shell server...
[[0;32m  OK  [0m] Started OpenBSD Secure Shell server.
         Starting Time & Date Service...
[[0;32m  OK  [0m] Started Time & Date Service.
[[0;32m  OK  [0m] Created slice User Slice of vagrant.
         Starting User Manager for UID 1000...
[[0;32m  OK  [0m] Started Session 1 of user vagrant.
[[0;32m  OK  [0m] Started User Manager for UID 1000.
[[0;32m  OK  [0m] Started Wait until snapd is fully seeded.
         Starting Apply the settings specified in cloud-config...
[   20.123435] cloud-init[1556]: Cloud-init v. 23.1.2-0ubuntu0~18.04.1 running 'modules:config' at Fri, 09 Aug 2024 02:57:06 +0000. Up 19.38 seconds.
ci-info: no authorized SSH keys fingerprints found for user ubuntu.
<14>Aug  9 02:57:07 cloud-init: #############################################################
<14>Aug  9 02:57:07 cloud-init: -----BEGIN SSH HOST KEY FINGERPRINTS-----
<14>Aug  9 02:57:07 cloud-init: 1024 SHA256:XPRY/z7PNFV6QzCtp3/r24qAlyl1npQDuSlz8FKAp/s root@ubuntu-bionic (DSA)
<14>Aug  9 02:57:07 cloud-init: 256 SHA256:Aq90mE957eB6AONTUDBuCJzvlUmgNuUTLK51kOJOi3o root@ubuntu-bionic (ECDSA)
<14>Aug  9 02:57:07 cloud-init: 256 SHA256:EeymnBjNY2y9jVF/kNcEQfoSNrNQtQ6ynzoKROhGjv4 root@ubuntu-bionic (ED25519)
<14>Aug  9 02:57:07 cloud-init: 2048 SHA256:xmyX0NjQdJuJlqeyPqM2jUoXA+zN3reWPQ/m8Bg7UcQ root@ubuntu-bionic (RSA)
<14>Aug  9 02:57:07 cloud-init: -----END SSH HOST KEY FINGERPRINTS-----
<14>Aug  9 02:57:07 cloud-init: #############################################################
-----BEGIN SSH HOST KEY KEYS-----
ecdsa-sha2-nistp256 AAAAE2VjZHNhLXNoYTItbmlzdHAyNTYAAAAIbmlzdHAyNTYAAABBBP+kN3slQmsELAPE9FsCh3BKW4Bfs3ziSi1eAamyOtkApDVHLzZ0kac9HsjG+rSGj5+2Q37aI1hFCk8sLfCSL2A= root@ubuntu-bionic
ssh-ed25519 AAAAC3NzaC1lZDI1NTE5AAAAIMFYeVroO6Fe9CSJhdnH+EepiLMvymo9g9ZiwYryVzEK root@ubuntu-bionic
ssh-rsa AAAAB3NzaC1yc2EAAAADAQABAAABAQDux67jyNaJNL8yWk1yshzZdQvmMWTINbQ7CvRhz+9rYd8e272L1xRSE+NijFfD5H1GXIN+RUT+dQotXVzcLB8d6IfbocgCjmHdyuzyJOdif+sweIQArdHWSAaDW+w0AabKDM43Rhfj4YN41WV+R8wx6zVef/kXzgmQomOceWnSICKjkJm12HqFEcPeXKHbKPitWvEFflFs9kBwJVRlzdghY0WDBvplVxgM1Gra8Ue3f587HbFXkI21Gj/cVdHKfiU1WaiAbeiqrAXe1zAK3mMxarjmXoAoMoTSocy8xJGAuL694FPL41YCwuxFbwdTo9xugv0fGHRWwZtAJsUVwJjl root@ubuntu-bionic
-----END SSH HOST KEY KEYS-----
[   20.658896] cloud-init[1653]: Cloud-init v. 23.1.2-0ubuntu0~18.04.1 running 'modules:final' at Fri, 09 Aug 2024 02:57:07 +0000. Up 20.51 seconds.
[   20.659146] cloud-init[1653]: Cloud-init v. 23.1.2-0ubuntu0~18.04.1 finished at Fri, 09 Aug 2024 02:57:07 +0000. Datasource DataSourceNoCloud [seed=/dev/sdb][dsmode=net].  Up 20.65 seconds

Ubuntu 18.04.6 LTS ubuntu-bionic ttyS0

ubuntu-bionic login: 